<?xml version="1.0" encoding="UTF-8"?>
<!-- Generated by org.testng.reporters.JUnitReportReporter -->
<testsuite hostname="DESKTOP-50A2D6B" failures="0" tests="1" name="com.test.LoginTest" time="12.231" errors="0" timestamp="2025-10-03T15:21:34 IST" skipped="0">
  <testcase classname="com.test.LoginTest" name="onTest" time="12.231"/>
</testsuite> <!-- com.test.LoginTest -->
